<?xml version="1.0" encoding="UTF-8"?>
<testsuite xmlns:xsi="http://www.w3.org/2001/XMLSchema-instance" xsi:noNamespaceSchemaLocation="https://maven.apache.org/surefire/maven-surefire-plugin/xsd/surefire-test-report-3.0.xsd" version="3.0" name="org.example.FixedNonMainMethodsTest" time="0.152" tests="37" errors="0" skipped="0" failures="0">
  <properties>
    <property name="java.specification.version" value="17"/>
    <property name="sun.cpu.isalist" value="amd64"/>
    <property name="sun.jnu.encoding" value="Cp1252"/>
    <property name="java.class.path" value="C:\Users\Cesar\IdeaProjects\ProjTest\target\test-classes;C:\Users\Cesar\IdeaProjects\ProjTest\target\classes;C:\Users\Cesar\.m2\repository\org\junit\jupiter\junit-jupiter\5.10.1\junit-jupiter-5.10.1.jar;C:\Users\Cesar\.m2\repository\org\junit\jupiter\junit-jupiter-api\5.10.1\junit-jupiter-api-5.10.1.jar;C:\Users\Cesar\.m2\repository\org\opentest4j\opentest4j\1.3.0\opentest4j-1.3.0.jar;C:\Users\Cesar\.m2\repository\org\junit\platform\junit-platform-commons\1.10.1\junit-platform-commons-1.10.1.jar;C:\Users\Cesar\.m2\repository\org\apiguardian\apiguardian-api\1.1.2\apiguardian-api-1.1.2.jar;C:\Users\Cesar\.m2\repository\org\junit\jupiter\junit-jupiter-params\5.10.1\junit-jupiter-params-5.10.1.jar;C:\Users\Cesar\.m2\repository\org\junit\jupiter\junit-jupiter-engine\5.10.1\junit-jupiter-engine-5.10.1.jar;C:\Users\Cesar\.m2\repository\org\junit\platform\junit-platform-engine\1.10.1\junit-platform-engine-1.10.1.jar;"/>
    <property name="java.vm.vendor" value="Microsoft"/>
    <property name="sun.arch.data.model" value="64"/>
    <property name="user.variant" value=""/>
    <property name="java.vendor.url" value="https://www.microsoft.com"/>
    <property name="user.timezone" value="America/Chicago"/>
    <property name="os.name" value="Windows 10"/>
    <property name="java.vm.specification.version" value="17"/>
    <property name="sun.java.launcher" value="SUN_STANDARD"/>
    <property name="user.country" value="US"/>
    <property name="sun.boot.library.path" value="C:\Program Files\Microsoft\jdk-17.0.11.9-hotspot\bin"/>
    <property name="sun.java.command" value="C:\Users\Cesar\AppData\Local\Temp\surefire3719118538688615545\surefirebooter-20241115201522385_3.jar C:\Users\Cesar\AppData\Local\Temp\surefire3719118538688615545 2024-11-15T20-15-22_236-jvmRun1 surefire-20241115201522385_1tmp surefire_0-20241115201522385_2tmp"/>
    <property name="jdk.debug" value="release"/>
    <property name="test" value="FixedNonMainMethodsTest"/>
    <property name="surefire.test.class.path" value="C:\Users\Cesar\IdeaProjects\ProjTest\target\test-classes;C:\Users\Cesar\IdeaProjects\ProjTest\target\classes;C:\Users\Cesar\.m2\repository\org\junit\jupiter\junit-jupiter\5.10.1\junit-jupiter-5.10.1.jar;C:\Users\Cesar\.m2\repository\org\junit\jupiter\junit-jupiter-api\5.10.1\junit-jupiter-api-5.10.1.jar;C:\Users\Cesar\.m2\repository\org\opentest4j\opentest4j\1.3.0\opentest4j-1.3.0.jar;C:\Users\Cesar\.m2\repository\org\junit\platform\junit-platform-commons\1.10.1\junit-platform-commons-1.10.1.jar;C:\Users\Cesar\.m2\repository\org\apiguardian\apiguardian-api\1.1.2\apiguardian-api-1.1.2.jar;C:\Users\Cesar\.m2\repository\org\junit\jupiter\junit-jupiter-params\5.10.1\junit-jupiter-params-5.10.1.jar;C:\Users\Cesar\.m2\repository\org\junit\jupiter\junit-jupiter-engine\5.10.1\junit-jupiter-engine-5.10.1.jar;C:\Users\Cesar\.m2\repository\org\junit\platform\junit-platform-engine\1.10.1\junit-platform-engine-1.10.1.jar;"/>
    <property name="sun.cpu.endian" value="little"/>
    <property name="user.home" value="C:\Users\Cesar"/>
    <property name="user.language" value="en"/>
    <property name="java.specification.vendor" value="Oracle Corporation"/>
    <property name="java.version.date" value="2024-04-16"/>
    <property name="java.home" value="C:\Program Files\Microsoft\jdk-17.0.11.9-hotspot"/>
    <property name="file.separator" value="\"/>
    <property name="basedir" value="C:\Users\Cesar\IdeaProjects\ProjTest"/>
    <property name="java.vm.compressedOopsMode" value="Zero based"/>
    <property name="line.separator" value="&#10;"/>
    <property name="java.vm.specification.vendor" value="Oracle Corporation"/>
    <property name="java.specification.name" value="Java Platform API Specification"/>
    <property name="surefire.real.class.path" value="C:\Users\Cesar\AppData\Local\Temp\surefire3719118538688615545\surefirebooter-20241115201522385_3.jar"/>
    <property name="user.script" value=""/>
    <property name="sun.management.compiler" value="HotSpot 64-Bit Tiered Compilers"/>
    <property name="java.runtime.version" value="17.0.11+9-LTS"/>
    <property name="user.name" value="Cesar"/>
    <property name="path.separator" value=";"/>
    <property name="os.version" value="10.0"/>
    <property name="java.runtime.name" value="OpenJDK Runtime Environment"/>
    <property name="file.encoding" value="Cp1252"/>
    <property name="java.vm.name" value="OpenJDK 64-Bit Server VM"/>
    <property name="java.vendor.version" value="Microsoft-9388408"/>
    <property name="localRepository" value="C:\Users\Cesar\.m2\repository"/>
    <property name="java.vendor.url.bug" value="https://github.com/microsoft/openjdk/issues"/>
    <property name="java.io.tmpdir" value="C:\Users\Cesar\AppData\Local\Temp\"/>
    <property name="java.version" value="17.0.11"/>
    <property name="user.dir" value="C:\Users\Cesar\IdeaProjects\ProjTest"/>
    <property name="os.arch" value="amd64"/>
    <property name="java.vm.specification.name" value="Java Virtual Machine Specification"/>
    <property name="sun.os.patch.level" value=""/>
    <property name="native.encoding" value="Cp1252"/>
    <property name="java.library.path" value="C:\Program Files\Microsoft\jdk-17.0.11.9-hotspot\bin;C:\WINDOWS\Sun\Java\bin;C:\WINDOWS\system32;C:\WINDOWS;C:\Program Files (x86)\Common Files\Oracle\Java\java8path;C:\Program Files (x86)\Common Files\Oracle\Java\javapath;C:\Program Files\Eclipse Adoptium\jdk-11.0.23.9-hotspot\bin;C:\Program Files\Microsoft\jdk-17.0.11.9-hotspot\bin;C:\WINDOWS\system32;C:\WINDOWS;C:\WINDOWS\System32\Wbem;C:\WINDOWS\System32\WindowsPowerShell\v1.0\;C:\WINDOWS\System32\OpenSSH\;C:\Program Files\dotnet\;C:\Program Files\Git\cmd;C:\Program Files\Git\mingw64\bin;C:\Program Files\Git\usr\bin;C:\Program Files\nodejs\;C:\ProgramData\chocolatey\bin;C:\Users\Cesar\AppData\Local\Android\Sdk\platform-tools;C:\Program Files (x86)\NVIDIA Corporation\PhysX\Common;C:\Program Files\NVIDIA Corporation\NVIDIA NvDLISR;C:\Users\Cesar\AppData\Local\Programs\Python\Python312\Scripts;C:\Users\Cesar\Maven\apache-maven-3.9.9\bin;C:\Users\Cesar\AppData\Local\Programs\Python\Launcher\;C:\Users\Cesar\AppData\Local\Microsoft\WindowsApps;D:\Microsoft VS Code\bin;C:\Users\Cesar\AppData\Local\GitHubDesktop\bin;C:\Users\Cesar\AppData\Roaming\npm;C:\Program Files\Maven\apache-maven-3.9.6\bin;;."/>
    <property name="java.vm.info" value="mixed mode, sharing"/>
    <property name="java.vendor" value="Microsoft"/>
    <property name="java.vm.version" value="17.0.11+9-LTS"/>
    <property name="sun.io.unicode.encoding" value="UnicodeLittle"/>
    <property name="java.class.version" value="61.0"/>
  </properties>
  <testcase name="is_char_constant_test1" classname="org.example.FixedNonMainMethodsTest" time="0.04"/>
  <testcase name="is_char_constant_test2" classname="org.example.FixedNonMainMethodsTest" time="0.002"/>
  <testcase name="is_char_constant_test3" classname="org.example.FixedNonMainMethodsTest" time="0.001"/>
  <testcase name="is_char_constant_test4" classname="org.example.FixedNonMainMethodsTest" time="0.002"/>
  <testcase name="is_identifier_test1" classname="org.example.FixedNonMainMethodsTest" time="0.001"/>
  <testcase name="is_identifier_test2" classname="org.example.FixedNonMainMethodsTest" time="0.001"/>
  <testcase name="is_identifier_test3" classname="org.example.FixedNonMainMethodsTest" time="0.001"/>
  <testcase name="is_identifier_test4" classname="org.example.FixedNonMainMethodsTest" time="0.001"/>
  <testcase name="is_identifier_test5" classname="org.example.FixedNonMainMethodsTest" time="0.002"/>
  <testcase name="is_token_end_test1" classname="org.example.FixedNonMainMethodsTest" time="0.001"/>
  <testcase name="is_token_end_test2" classname="org.example.FixedNonMainMethodsTest" time="0.001"/>
  <testcase name="is_token_end_test3" classname="org.example.FixedNonMainMethodsTest" time="0.001"/>
  <testcase name="is_token_end_test4" classname="org.example.FixedNonMainMethodsTest" time="0.001"/>
  <testcase name="is_token_end_test5" classname="org.example.FixedNonMainMethodsTest" time="0.001"/>
  <testcase name="is_token_end_test6" classname="org.example.FixedNonMainMethodsTest" time="0.001"/>
  <testcase name="is_token_end_test7" classname="org.example.FixedNonMainMethodsTest" time="0.001"/>
  <testcase name="print_spec_symbol_test1" classname="org.example.FixedNonMainMethodsTest" time="0.004"/>
  <testcase name="print_spec_symbol_test2" classname="org.example.FixedNonMainMethodsTest" time="0.001"/>
  <testcase name="print_spec_symbol_test3" classname="org.example.FixedNonMainMethodsTest" time="0.001"/>
  <testcase name="print_spec_symbol_test4" classname="org.example.FixedNonMainMethodsTest" time="0.007"/>
  <testcase name="is_keyword_test1" classname="org.example.FixedNonMainMethodsTest" time="0.001"/>
  <testcase name="is_keyword_test2" classname="org.example.FixedNonMainMethodsTest" time="0.0"/>
  <testcase name="is_keyword_test3" classname="org.example.FixedNonMainMethodsTest" time="0.001"/>
  <testcase name="is_keyword_test4" classname="org.example.FixedNonMainMethodsTest" time="0.0"/>
  <testcase name="is_keyword_test5" classname="org.example.FixedNonMainMethodsTest" time="0.001"/>
  <testcase name="is_keyword_test6" classname="org.example.FixedNonMainMethodsTest" time="0.001"/>
  <testcase name="is_keyword_test7" classname="org.example.FixedNonMainMethodsTest" time="0.0"/>
  <testcase name="is_str_constant_test1" classname="org.example.FixedNonMainMethodsTest" time="0.0"/>
  <testcase name="is_str_constant_test2" classname="org.example.FixedNonMainMethodsTest" time="0.001"/>
  <testcase name="is_str_constant_test3" classname="org.example.FixedNonMainMethodsTest" time="0.001"/>
  <testcase name="is_str_constant_test4" classname="org.example.FixedNonMainMethodsTest" time="0.001"/>
  <testcase name="is_num_constant_test1" classname="org.example.FixedNonMainMethodsTest" time="0.001"/>
  <testcase name="is_num_constant_test2" classname="org.example.FixedNonMainMethodsTest" time="0.001"/>
  <testcase name="is_num_constant_test3" classname="org.example.FixedNonMainMethodsTest" time="0.001"/>
  <testcase name="is_num_constant_test4" classname="org.example.FixedNonMainMethodsTest" time="0.0"/>
  <testcase name="is_comment_test1" classname="org.example.FixedNonMainMethodsTest" time="0.0"/>
  <testcase name="is_comment_test2" classname="org.example.FixedNonMainMethodsTest" time="0.001"/>
</testsuite>